C51 COMPILER V9.54   MAIN                                                                  01/31/2023 19:45:06 PAGE 1   


C51 COMPILER V9.54, COMPILATION OF MODULE MAIN
OBJECT MODULE PLACED IN .\Objects\main.obj
COMPILER INVOKED BY: E:\Keil C51\C51\BIN\C51.EXE main.c OPTIMIZE(8,SPEED) DEBUG OBJECTEXTEND PRINT(.\Listings\main.lst) 
                    -TABS(2) OBJECT(.\Objects\main.obj)

line level    source

   1          #include <REGX52.H>
   2          #include <Head/Nixie.h>
   3          
   4          void delay(unsigned int xms)    
   5          {
   6   1        unsigned char i, j;
   7   1        while (xms)
   8   1        { 
   9   2          i = 2;
  10   2          j = 239;
  11   2          do
  12   2          {
  13   3            while (--j);
  14   3          } while (--i);
  15   2          xms--;
  16   2        }
  17   1      }
  18          
  19          void main()
  20          {
  21   1        while (1)
  22   1        {
  23   2          P2_4 = 1;
  24   2          P2_3 = 0;
  25   2          P2_2 = 0;
  26   2          P0 = eight;    //01011011
  27   2          delay(10);
  28   2          P2_4 = 1;
  29   2          P2_3 = 0;
  30   2          P2_2 = 1;
  31   2          P0 = one;
  32   2          delay(10);
  33   2        }
  34   1      }


MODULE INFORMATION:   STATIC OVERLAYABLE
   CODE SIZE        =     54    ----
   CONSTANT SIZE    =   ----    ----
   XDATA SIZE       =   ----    ----
   PDATA SIZE       =   ----    ----
   DATA SIZE        =     18    ----
   IDATA SIZE       =   ----    ----
   BIT SIZE         =   ----    ----
END OF MODULE INFORMATION.


C51 COMPILATION COMPLETE.  0 WARNING(S),  0 ERROR(S)
